0    [AWT-EventQueue-0] INFO  ca.sqlpower.architect.ArchitectUtils  - Log4J configured successfully
704  [AWT-EventQueue-0] INFO  ca.sqlpower.sql.PlDotIni  - Beginning to read/merge new pl.ini data
787  [AWT-EventQueue-0] INFO  ca.sqlpower.sql.PlDotIni  - Finished reading file.
788  [AWT-EventQueue-0] INFO  ca.sqlpower.sql.PlDotIni  - Beginning to read/merge new pl.ini data
850  [AWT-EventQueue-0] INFO  ca.sqlpower.sql.PlDotIni  - Finished reading file.
4023 [Thread-5] ERROR ca.sqlpower.architect.swingui.action.CheckForUpdateAction  - Fail to retrieve current version number!
0    [AWT-EventQueue-0] INFO  ca.sqlpower.architect.ArchitectUtils  - Log4J configured successfully
781  [AWT-EventQueue-0] INFO  ca.sqlpower.sql.PlDotIni  - Beginning to read/merge new pl.ini data
862  [AWT-EventQueue-0] INFO  ca.sqlpower.sql.PlDotIni  - Finished reading file.
863  [AWT-EventQueue-0] INFO  ca.sqlpower.sql.PlDotIni  - Beginning to read/merge new pl.ini data
953  [AWT-EventQueue-0] INFO  ca.sqlpower.sql.PlDotIni  - Finished reading file.
9178 [Thread-5] ERROR ca.sqlpower.architect.swingui.action.CheckForUpdateAction  - Fail to retrieve current version number!
0    [AWT-EventQueue-0] INFO  ca.sqlpower.architect.ArchitectUtils  - Log4J configured successfully
697  [AWT-EventQueue-0] INFO  ca.sqlpower.sql.PlDotIni  - Beginning to read/merge new pl.ini data
776  [AWT-EventQueue-0] INFO  ca.sqlpower.sql.PlDotIni  - Finished reading file.
778  [AWT-EventQueue-0] INFO  ca.sqlpower.sql.PlDotIni  - Beginning to read/merge new pl.ini data
840  [AWT-EventQueue-0] INFO  ca.sqlpower.sql.PlDotIni  - Finished reading file.
8888 [Thread-5] ERROR ca.sqlpower.architect.swingui.action.CheckForUpdateAction  - Fail to retrieve current version number!
14310 [AWT-EventQueue-0] INFO  ca.sqlpower.architect.ddl.GenericDDLGenerator  - endStatement: 
CREATE TABLE public.configuracao (
                id_configuracao VARCHAR NOT NULL,
                volume VARCHAR NOT NULL,
                brilho VARCHAR NOT NULL,
                CONSTRAINT configuracao_pk PRIMARY KEY (id_configuracao)
)
14310 [AWT-EventQueue-0] INFO  ca.sqlpower.architect.ddl.GenericDDLGenerator  - endStatement: 


CREATE TABLE public.imagens_fundo (
                id_configuracao VARCHAR NOT NULL,
                imagem_de_fundo VARCHAR NOT NULL
)
14311 [AWT-EventQueue-0] INFO  ca.sqlpower.architect.ddl.GenericDDLGenerator  - endStatement: 


CREATE TABLE public.cores (
                id_configuracao VARCHAR NOT NULL,
                cor VARCHAR NOT NULL
)
14311 [AWT-EventQueue-0] INFO  ca.sqlpower.architect.ddl.GenericDDLGenerator  - endStatement: 


CREATE TABLE public.trilha_sonora (
                id_trilha_sonora VARCHAR NOT NULL,
                nome VARCHAR NOT NULL,
                valencia VARCHAR NOT NULL,
                CONSTRAINT trilha_sonora_pk PRIMARY KEY (id_trilha_sonora)
)
14311 [AWT-EventQueue-0] INFO  ca.sqlpower.architect.ddl.GenericDDLGenerator  - endStatement: 


CREATE TABLE public.missao (
                id_missao VARCHAR NOT NULL,
                nome VARCHAR NOT NULL,
                descricao VARCHAR NOT NULL,
                tempo_maximo TIME NOT NULL,
                pontuacao INTEGER NOT NULL,
                CONSTRAINT missao_pk PRIMARY KEY (id_missao)
)
14312 [AWT-EventQueue-0] INFO  ca.sqlpower.architect.ddl.GenericDDLGenerator  - endStatement: 


CREATE TABLE public.jogadores (
                id_jogador VARCHAR NOT NULL,
                nome VARCHAR NOT NULL,
                apelido VARCHAR NOT NULL,
                imagem VARCHAR NOT NULL,
                data_de_registro DATE NOT NULL,
                localizacao VARCHAR,
                CONSTRAINT jogadores_pk PRIMARY KEY (id_jogador)
)
14312 [AWT-EventQueue-0] INFO  ca.sqlpower.architect.ddl.GenericDDLGenerator  - endStatement: 


CREATE TABLE public.objeto (
                id_objeto VARCHAR NOT NULL,
                nome VARCHAR NOT NULL,
                descricao VARCHAR NOT NULL,
                CONSTRAINT objeto_pk PRIMARY KEY (id_objeto)
)
14313 [AWT-EventQueue-0] INFO  ca.sqlpower.architect.ddl.GenericDDLGenerator  - endStatement: 


CREATE TABLE public.personagem (
                id_personagem VARCHAR NOT NULL,
                nome VARCHAR NOT NULL,
                imagem VARCHAR NOT NULL,
                CONSTRAINT personagem_pk PRIMARY KEY (id_personagem)
)
14313 [AWT-EventQueue-0] INFO  ca.sqlpower.architect.ddl.GenericDDLGenerator  - endStatement: 


CREATE TABLE public.cenario (
                id_cenario VARCHAR NOT NULL,
                nome VARCHAR NOT NULL,
                tema VARCHAR NOT NULL,
                CONSTRAINT cenario_pk PRIMARY KEY (id_cenario)
)
14313 [AWT-EventQueue-0] INFO  ca.sqlpower.architect.ddl.GenericDDLGenerator  - endStatement: 


CREATE TABLE public.nivel (
                id_nivel VARCHAR NOT NULL,
                nome VARCHAR NOT NULL,
                objetivo VARCHAR NOT NULL,
                CONSTRAINT nivel_pk PRIMARY KEY (id_nivel)
)
14313 [AWT-EventQueue-0] INFO  ca.sqlpower.architect.ddl.GenericDDLGenerator  - endStatement: 


CREATE TABLE public.jogo (
                id_jogo VARCHAR NOT NULL,
                nome VARCHAR NOT NULL,
                objetivo VARCHAR NOT NULL,
                numero_de_niveis INTEGER NOT NULL,
                data_da_criacao DATE NOT NULL,
                id_nivel VARCHAR NOT NULL,
                CONSTRAINT jogo_pk PRIMARY KEY (id_jogo)
)
14314 [AWT-EventQueue-0] INFO  ca.sqlpower.architect.ddl.GenericDDLGenerator  - endStatement: 


CREATE TABLE public.personalizacao (
                data_da_configuracao DATE NOT NULL,
                hora TIME NOT NULL,
                cor VARCHAR NOT NULL,
                brilho VARCHAR NOT NULL,
                som VARCHAR NOT NULL,
                imagem VARCHAR NOT NULL,
                id_configuracao VARCHAR NOT NULL,
                id_jogo VARCHAR NOT NULL
)
14314 [AWT-EventQueue-0] INFO  ca.sqlpower.architect.ddl.GenericDDLGenerator  - endStatement: 


CREATE TABLE public.nivel_personagem (
                id_nivel VARCHAR NOT NULL,
                id_personagem VARCHAR NOT NULL
)
14314 [AWT-EventQueue-0] INFO  ca.sqlpower.architect.ddl.GenericDDLGenerator  - endStatement: 


CREATE TABLE public.composicao (
                posicao_inicial VARCHAR NOT NULL,
                pontos INTEGER NOT NULL,
                id_nivel VARCHAR NOT NULL,
                id_objeto VARCHAR NOT NULL
)
14315 [AWT-EventQueue-0] INFO  ca.sqlpower.architect.ddl.GenericDDLGenerator  - endStatement: 


CREATE TABLE public.trilha_sonora_nivel (
                id_nivel VARCHAR NOT NULL,
                id_trilha_sonora VARCHAR NOT NULL
)
14315 [AWT-EventQueue-0] INFO  ca.sqlpower.architect.ddl.GenericDDLGenerator  - endStatement: 


CREATE TABLE public.missao_nivel (
                id_nivel VARCHAR NOT NULL,
                id_missao VARCHAR NOT NULL
)
14315 [AWT-EventQueue-0] INFO  ca.sqlpower.architect.ddl.GenericDDLGenerator  - endStatement: 


CREATE TABLE public.partidas (
                data_de_inicio DATE NOT NULL,
                data_de_fim DATE NOT NULL,
                hora_de_inicio TIME NOT NULL,
                hora_de_fim TIME NOT NULL,
                pontuacao INTEGER NOT NULL,
                id_jogador VARCHAR NOT NULL,
                id_nivel VARCHAR NOT NULL
)
14315 [AWT-EventQueue-0] INFO  ca.sqlpower.architect.ddl.GenericDDLGenerator  - endStatement: 


CREATE TABLE public.cenario_nivel (
                id_nivel VARCHAR NOT NULL,
                id_cenario VARCHAR NOT NULL
)
14316 [AWT-EventQueue-0] INFO  ca.sqlpower.architect.ddl.GenericDDLGenerator  - endStatement: 


ALTER TABLE public.personalizacao ADD CONSTRAINT configuracao_personalizacao_fk
FOREIGN KEY (id_configuracao)
REFERENCES public.configuracao (id_configuracao)
ON DELETE NO ACTION
ON UPDATE NO ACTION
NOT DEFERRABLE
14316 [AWT-EventQueue-0] INFO  ca.sqlpower.architect.ddl.GenericDDLGenerator  - endStatement: 

ALTER TABLE public.cores ADD CONSTRAINT configuracao_cores_fk
FOREIGN KEY (id_configuracao)
REFERENCES public.configuracao (id_configuracao)
ON DELETE NO ACTION
ON UPDATE NO ACTION
NOT DEFERRABLE
14317 [AWT-EventQueue-0] INFO  ca.sqlpower.architect.ddl.GenericDDLGenerator  - endStatement: 

ALTER TABLE public.imagens_fundo ADD CONSTRAINT configuracao_imagens_fundo_fk
FOREIGN KEY (id_configuracao)
REFERENCES public.configuracao (id_configuracao)
ON DELETE NO ACTION
ON UPDATE NO ACTION
NOT DEFERRABLE
14319 [AWT-EventQueue-0] INFO  ca.sqlpower.architect.ddl.GenericDDLGenerator  - endStatement: 

ALTER TABLE public.trilha_sonora_nivel ADD CONSTRAINT trilha_sonora_new_table_2_fk
FOREIGN KEY (id_trilha_sonora)
REFERENCES public.trilha_sonora (id_trilha_sonora)
ON DELETE NO ACTION
ON UPDATE NO ACTION
NOT DEFERRABLE
14322 [AWT-EventQueue-0] INFO  ca.sqlpower.architect.ddl.GenericDDLGenerator  - endStatement: 

ALTER TABLE public.missao_nivel ADD CONSTRAINT missao_new_table_1_fk
FOREIGN KEY (id_missao)
REFERENCES public.missao (id_missao)
ON DELETE NO ACTION
ON UPDATE NO ACTION
NOT DEFERRABLE
14322 [AWT-EventQueue-0] INFO  ca.sqlpower.architect.ddl.GenericDDLGenerator  - endStatement: 

ALTER TABLE public.partidas ADD CONSTRAINT jogadores_partidas_fk
FOREIGN KEY (id_jogador)
REFERENCES public.jogadores (id_jogador)
ON DELETE NO ACTION
ON UPDATE NO ACTION
NOT DEFERRABLE
14323 [AWT-EventQueue-0] INFO  ca.sqlpower.architect.ddl.GenericDDLGenerator  - endStatement: 

ALTER TABLE public.composicao ADD CONSTRAINT objeto_composicao_fk
FOREIGN KEY (id_objeto)
REFERENCES public.objeto (id_objeto)
ON DELETE NO ACTION
ON UPDATE NO ACTION
NOT DEFERRABLE
14324 [AWT-EventQueue-0] INFO  ca.sqlpower.architect.ddl.GenericDDLGenerator  - endStatement: 

ALTER TABLE public.nivel_personagem ADD CONSTRAINT personagem_envolvem_fk
FOREIGN KEY (id_personagem)
REFERENCES public.personagem (id_personagem)
ON DELETE NO ACTION
ON UPDATE NO ACTION
NOT DEFERRABLE
14324 [AWT-EventQueue-0] INFO  ca.sqlpower.architect.ddl.GenericDDLGenerator  - endStatement: 

ALTER TABLE public.cenario_nivel ADD CONSTRAINT cenario_new_table_fk
FOREIGN KEY (id_cenario)
REFERENCES public.cenario (id_cenario)
ON DELETE NO ACTION
ON UPDATE NO ACTION
NOT DEFERRABLE
14325 [AWT-EventQueue-0] INFO  ca.sqlpower.architect.ddl.GenericDDLGenerator  - endStatement: 

ALTER TABLE public.cenario_nivel ADD CONSTRAINT nivel_new_table_fk
FOREIGN KEY (id_nivel)
REFERENCES public.nivel (id_nivel)
ON DELETE NO ACTION
ON UPDATE NO ACTION
NOT DEFERRABLE
14325 [AWT-EventQueue-0] INFO  ca.sqlpower.architect.ddl.GenericDDLGenerator  - endStatement: 

ALTER TABLE public.partidas ADD CONSTRAINT nivel_partidas_fk
FOREIGN KEY (id_nivel)
REFERENCES public.nivel (id_nivel)
ON DELETE NO ACTION
ON UPDATE NO ACTION
NOT DEFERRABLE
14326 [AWT-EventQueue-0] INFO  ca.sqlpower.architect.ddl.GenericDDLGenerator  - endStatement: 

ALTER TABLE public.missao_nivel ADD CONSTRAINT nivel_new_table_1_fk
FOREIGN KEY (id_nivel)
REFERENCES public.nivel (id_nivel)
ON DELETE NO ACTION
ON UPDATE NO ACTION
NOT DEFERRABLE
14327 [AWT-EventQueue-0] INFO  ca.sqlpower.architect.ddl.GenericDDLGenerator  - endStatement: 

ALTER TABLE public.trilha_sonora_nivel ADD CONSTRAINT nivel_new_table_2_fk
FOREIGN KEY (id_nivel)
REFERENCES public.nivel (id_nivel)
ON DELETE NO ACTION
ON UPDATE NO ACTION
NOT DEFERRABLE
14327 [AWT-EventQueue-0] INFO  ca.sqlpower.architect.ddl.GenericDDLGenerator  - endStatement: 

ALTER TABLE public.composicao ADD CONSTRAINT nivel_composicao_fk
FOREIGN KEY (id_nivel)
REFERENCES public.nivel (id_nivel)
ON DELETE NO ACTION
ON UPDATE NO ACTION
NOT DEFERRABLE
14328 [AWT-EventQueue-0] INFO  ca.sqlpower.architect.ddl.GenericDDLGenerator  - endStatement: 

ALTER TABLE public.nivel_personagem ADD CONSTRAINT nivel_envolvem_fk
FOREIGN KEY (id_nivel)
REFERENCES public.nivel (id_nivel)
ON DELETE NO ACTION
ON UPDATE NO ACTION
NOT DEFERRABLE
14329 [AWT-EventQueue-0] INFO  ca.sqlpower.architect.ddl.GenericDDLGenerator  - endStatement: 

ALTER TABLE public.jogo ADD CONSTRAINT nivel_jogo_fk
FOREIGN KEY (id_nivel)
REFERENCES public.nivel (id_nivel)
ON DELETE NO ACTION
ON UPDATE NO ACTION
NOT DEFERRABLE
14329 [AWT-EventQueue-0] INFO  ca.sqlpower.architect.ddl.GenericDDLGenerator  - endStatement: 

ALTER TABLE public.personalizacao ADD CONSTRAINT jogo_personalizacao_fk
FOREIGN KEY (id_jogo)
REFERENCES public.jogo (id_jogo)
ON DELETE NO ACTION
ON UPDATE NO ACTION
NOT DEFERRABLE
14334 [AWT-EventQueue-0] INFO  ca.sqlpower.architect.swingui.SQLScriptDialog  - The list size is :35
152360 [AWT-EventQueue-0] INFO  ca.sqlpower.architect.ddl.GenericDDLGenerator  - endStatement: 
CREATE TABLE jogo.configuracao (
                id_configuracao VARCHAR NOT NULL,
                volume VARCHAR NOT NULL,
                brilho VARCHAR NOT NULL,
                CONSTRAINT configuracao_pk PRIMARY KEY (id_configuracao)
)
152360 [AWT-EventQueue-0] INFO  ca.sqlpower.architect.ddl.GenericDDLGenerator  - endStatement: 


CREATE TABLE jogo.imagens_fundo (
                id_configuracao VARCHAR NOT NULL,
                imagem_de_fundo VARCHAR NOT NULL
)
152361 [AWT-EventQueue-0] INFO  ca.sqlpower.architect.ddl.GenericDDLGenerator  - endStatement: 


CREATE TABLE jogo.cores (
                id_configuracao VARCHAR NOT NULL,
                cor VARCHAR NOT NULL
)
152361 [AWT-EventQueue-0] INFO  ca.sqlpower.architect.ddl.GenericDDLGenerator  - endStatement: 


CREATE TABLE jogo.trilha_sonora (
                id_trilha_sonora VARCHAR NOT NULL,
                nome VARCHAR NOT NULL,
                valencia VARCHAR NOT NULL,
                CONSTRAINT trilha_sonora_pk PRIMARY KEY (id_trilha_sonora)
)
152361 [AWT-EventQueue-0] INFO  ca.sqlpower.architect.ddl.GenericDDLGenerator  - endStatement: 


CREATE TABLE jogo.missao (
                id_missao VARCHAR NOT NULL,
                nome VARCHAR NOT NULL,
                descricao VARCHAR NOT NULL,
                tempo_maximo TIME NOT NULL,
                pontuacao INTEGER NOT NULL,
                CONSTRAINT missao_pk PRIMARY KEY (id_missao)
)
152361 [AWT-EventQueue-0] INFO  ca.sqlpower.architect.ddl.GenericDDLGenerator  - endStatement: 


CREATE TABLE jogo.jogadores (
                id_jogador VARCHAR NOT NULL,
                nome VARCHAR NOT NULL,
                apelido VARCHAR NOT NULL,
                imagem VARCHAR NOT NULL,
                data_de_registro DATE NOT NULL,
                localizacao VARCHAR,
                CONSTRAINT jogadores_pk PRIMARY KEY (id_jogador)
)
152362 [AWT-EventQueue-0] INFO  ca.sqlpower.architect.ddl.GenericDDLGenerator  - endStatement: 


CREATE TABLE jogo.objeto (
                id_objeto VARCHAR NOT NULL,
                nome VARCHAR NOT NULL,
                descricao VARCHAR NOT NULL,
                CONSTRAINT objeto_pk PRIMARY KEY (id_objeto)
)
152362 [AWT-EventQueue-0] INFO  ca.sqlpower.architect.ddl.GenericDDLGenerator  - endStatement: 


CREATE TABLE jogo.personagem (
                id_personagem VARCHAR NOT NULL,
                nome VARCHAR NOT NULL,
                imagem VARCHAR NOT NULL,
                CONSTRAINT personagem_pk PRIMARY KEY (id_personagem)
)
152362 [AWT-EventQueue-0] INFO  ca.sqlpower.architect.ddl.GenericDDLGenerator  - endStatement: 


CREATE TABLE jogo.cenario (
                id_cenario VARCHAR NOT NULL,
                nome VARCHAR NOT NULL,
                tema VARCHAR NOT NULL,
                CONSTRAINT cenario_pk PRIMARY KEY (id_cenario)
)
152363 [AWT-EventQueue-0] INFO  ca.sqlpower.architect.ddl.GenericDDLGenerator  - endStatement: 


CREATE TABLE jogo.nivel (
                id_nivel VARCHAR NOT NULL,
                nome VARCHAR NOT NULL,
                objetivo VARCHAR NOT NULL,
                CONSTRAINT nivel_pk PRIMARY KEY (id_nivel)
)
152363 [AWT-EventQueue-0] INFO  ca.sqlpower.architect.ddl.GenericDDLGenerator  - endStatement: 


CREATE TABLE jogo.jogo (
                id_jogo VARCHAR NOT NULL,
                nome VARCHAR NOT NULL,
                objetivo VARCHAR NOT NULL,
                numero_de_niveis INTEGER NOT NULL,
                data_da_criacao DATE NOT NULL,
                id_nivel VARCHAR NOT NULL,
                CONSTRAINT jogo_pk PRIMARY KEY (id_jogo)
)
152363 [AWT-EventQueue-0] INFO  ca.sqlpower.architect.ddl.GenericDDLGenerator  - endStatement: 


CREATE TABLE jogo.personalizacao (
                data_da_configuracao DATE NOT NULL,
                hora TIME NOT NULL,
                cor VARCHAR NOT NULL,
                brilho VARCHAR NOT NULL,
                som VARCHAR NOT NULL,
                imagem VARCHAR NOT NULL,
                id_configuracao VARCHAR NOT NULL,
                id_jogo VARCHAR NOT NULL
)
152364 [AWT-EventQueue-0] INFO  ca.sqlpower.architect.ddl.GenericDDLGenerator  - endStatement: 


CREATE TABLE jogo.nivel_personagem (
                id_nivel VARCHAR NOT NULL,
                id_personagem VARCHAR NOT NULL
)
152364 [AWT-EventQueue-0] INFO  ca.sqlpower.architect.ddl.GenericDDLGenerator  - endStatement: 


CREATE TABLE jogo.composicao (
                posicao_inicial VARCHAR NOT NULL,
                pontos INTEGER NOT NULL,
                id_nivel VARCHAR NOT NULL,
                id_objeto VARCHAR NOT NULL
)
152364 [AWT-EventQueue-0] INFO  ca.sqlpower.architect.ddl.GenericDDLGenerator  - endStatement: 


CREATE TABLE jogo.trilha_sonora_nivel (
                id_nivel VARCHAR NOT NULL,
                id_trilha_sonora VARCHAR NOT NULL
)
152364 [AWT-EventQueue-0] INFO  ca.sqlpower.architect.ddl.GenericDDLGenerator  - endStatement: 


CREATE TABLE jogo.missao_nivel (
                id_nivel VARCHAR NOT NULL,
                id_missao VARCHAR NOT NULL
)
152365 [AWT-EventQueue-0] INFO  ca.sqlpower.architect.ddl.GenericDDLGenerator  - endStatement: 


CREATE TABLE jogo.partidas (
                data_de_inicio DATE NOT NULL,
                data_de_fim DATE NOT NULL,
                hora_de_inicio TIME NOT NULL,
                hora_de_fim TIME NOT NULL,
                pontuacao INTEGER NOT NULL,
                id_jogador VARCHAR NOT NULL,
                id_nivel VARCHAR NOT NULL
)
152365 [AWT-EventQueue-0] INFO  ca.sqlpower.architect.ddl.GenericDDLGenerator  - endStatement: 


CREATE TABLE jogo.cenario_nivel (
                id_nivel VARCHAR NOT NULL,
                id_cenario VARCHAR NOT NULL
)
152365 [AWT-EventQueue-0] INFO  ca.sqlpower.architect.ddl.GenericDDLGenerator  - endStatement: 


ALTER TABLE jogo.personalizacao ADD CONSTRAINT configuracao_personalizacao_fk
FOREIGN KEY (id_configuracao)
REFERENCES jogo.configuracao (id_configuracao)
ON DELETE NO ACTION
ON UPDATE NO ACTION
NOT DEFERRABLE
152365 [AWT-EventQueue-0] INFO  ca.sqlpower.architect.ddl.GenericDDLGenerator  - endStatement: 

ALTER TABLE jogo.cores ADD CONSTRAINT configuracao_cores_fk
FOREIGN KEY (id_configuracao)
REFERENCES jogo.configuracao (id_configuracao)
ON DELETE NO ACTION
ON UPDATE NO ACTION
NOT DEFERRABLE
152366 [AWT-EventQueue-0] INFO  ca.sqlpower.architect.ddl.GenericDDLGenerator  - endStatement: 

ALTER TABLE jogo.imagens_fundo ADD CONSTRAINT configuracao_imagens_fundo_fk
FOREIGN KEY (id_configuracao)
REFERENCES jogo.configuracao (id_configuracao)
ON DELETE NO ACTION
ON UPDATE NO ACTION
NOT DEFERRABLE
152366 [AWT-EventQueue-0] INFO  ca.sqlpower.architect.ddl.GenericDDLGenerator  - endStatement: 

ALTER TABLE jogo.trilha_sonora_nivel ADD CONSTRAINT trilha_sonora_new_table_2_fk
FOREIGN KEY (id_trilha_sonora)
REFERENCES jogo.trilha_sonora (id_trilha_sonora)
ON DELETE NO ACTION
ON UPDATE NO ACTION
NOT DEFERRABLE
152366 [AWT-EventQueue-0] INFO  ca.sqlpower.architect.ddl.GenericDDLGenerator  - endStatement: 

ALTER TABLE jogo.missao_nivel ADD CONSTRAINT missao_new_table_1_fk
FOREIGN KEY (id_missao)
REFERENCES jogo.missao (id_missao)
ON DELETE NO ACTION
ON UPDATE NO ACTION
NOT DEFERRABLE
152366 [AWT-EventQueue-0] INFO  ca.sqlpower.architect.ddl.GenericDDLGenerator  - endStatement: 

ALTER TABLE jogo.partidas ADD CONSTRAINT jogadores_partidas_fk
FOREIGN KEY (id_jogador)
REFERENCES jogo.jogadores (id_jogador)
ON DELETE NO ACTION
ON UPDATE NO ACTION
NOT DEFERRABLE
152367 [AWT-EventQueue-0] INFO  ca.sqlpower.architect.ddl.GenericDDLGenerator  - endStatement: 

ALTER TABLE jogo.composicao ADD CONSTRAINT objeto_composicao_fk
FOREIGN KEY (id_objeto)
REFERENCES jogo.objeto (id_objeto)
ON DELETE NO ACTION
ON UPDATE NO ACTION
NOT DEFERRABLE
152367 [AWT-EventQueue-0] INFO  ca.sqlpower.architect.ddl.GenericDDLGenerator  - endStatement: 

ALTER TABLE jogo.nivel_personagem ADD CONSTRAINT personagem_envolvem_fk
FOREIGN KEY (id_personagem)
REFERENCES jogo.personagem (id_personagem)
ON DELETE NO ACTION
ON UPDATE NO ACTION
NOT DEFERRABLE
152367 [AWT-EventQueue-0] INFO  ca.sqlpower.architect.ddl.GenericDDLGenerator  - endStatement: 

ALTER TABLE jogo.cenario_nivel ADD CONSTRAINT cenario_new_table_fk
FOREIGN KEY (id_cenario)
REFERENCES jogo.cenario (id_cenario)
ON DELETE NO ACTION
ON UPDATE NO ACTION
NOT DEFERRABLE
152367 [AWT-EventQueue-0] INFO  ca.sqlpower.architect.ddl.GenericDDLGenerator  - endStatement: 

ALTER TABLE jogo.cenario_nivel ADD CONSTRAINT nivel_new_table_fk
FOREIGN KEY (id_nivel)
REFERENCES jogo.nivel (id_nivel)
ON DELETE NO ACTION
ON UPDATE NO ACTION
NOT DEFERRABLE
152368 [AWT-EventQueue-0] INFO  ca.sqlpower.architect.ddl.GenericDDLGenerator  - endStatement: 

ALTER TABLE jogo.partidas ADD CONSTRAINT nivel_partidas_fk
FOREIGN KEY (id_nivel)
REFERENCES jogo.nivel (id_nivel)
ON DELETE NO ACTION
ON UPDATE NO ACTION
NOT DEFERRABLE
152368 [AWT-EventQueue-0] INFO  ca.sqlpower.architect.ddl.GenericDDLGenerator  - endStatement: 

ALTER TABLE jogo.missao_nivel ADD CONSTRAINT nivel_new_table_1_fk
FOREIGN KEY (id_nivel)
REFERENCES jogo.nivel (id_nivel)
ON DELETE NO ACTION
ON UPDATE NO ACTION
NOT DEFERRABLE
152368 [AWT-EventQueue-0] INFO  ca.sqlpower.architect.ddl.GenericDDLGenerator  - endStatement: 

ALTER TABLE jogo.trilha_sonora_nivel ADD CONSTRAINT nivel_new_table_2_fk
FOREIGN KEY (id_nivel)
REFERENCES jogo.nivel (id_nivel)
ON DELETE NO ACTION
ON UPDATE NO ACTION
NOT DEFERRABLE
152368 [AWT-EventQueue-0] INFO  ca.sqlpower.architect.ddl.GenericDDLGenerator  - endStatement: 

ALTER TABLE jogo.composicao ADD CONSTRAINT nivel_composicao_fk
FOREIGN KEY (id_nivel)
REFERENCES jogo.nivel (id_nivel)
ON DELETE NO ACTION
ON UPDATE NO ACTION
NOT DEFERRABLE
152369 [AWT-EventQueue-0] INFO  ca.sqlpower.architect.ddl.GenericDDLGenerator  - endStatement: 

ALTER TABLE jogo.nivel_personagem ADD CONSTRAINT nivel_envolvem_fk
FOREIGN KEY (id_nivel)
REFERENCES jogo.nivel (id_nivel)
ON DELETE NO ACTION
ON UPDATE NO ACTION
NOT DEFERRABLE
152369 [AWT-EventQueue-0] INFO  ca.sqlpower.architect.ddl.GenericDDLGenerator  - endStatement: 

ALTER TABLE jogo.jogo ADD CONSTRAINT nivel_jogo_fk
FOREIGN KEY (id_nivel)
REFERENCES jogo.nivel (id_nivel)
ON DELETE NO ACTION
ON UPDATE NO ACTION
NOT DEFERRABLE
152369 [AWT-EventQueue-0] INFO  ca.sqlpower.architect.ddl.GenericDDLGenerator  - endStatement: 

ALTER TABLE jogo.personalizacao ADD CONSTRAINT jogo_personalizacao_fk
FOREIGN KEY (id_jogo)
REFERENCES jogo.jogo (id_jogo)
ON DELETE NO ACTION
ON UPDATE NO ACTION
NOT DEFERRABLE
152370 [AWT-EventQueue-0] INFO  ca.sqlpower.architect.swingui.SQLScriptDialog  - The list size is :35
