0    [AWT-EventQueue-0] INFO  ca.sqlpower.architect.ArchitectUtils  - Log4J configured successfully
876  [AWT-EventQueue-0] INFO  ca.sqlpower.sql.PlDotIni  - Beginning to read/merge new pl.ini data
1009 [AWT-EventQueue-0] INFO  ca.sqlpower.sql.PlDotIni  - Finished reading file.
1011 [AWT-EventQueue-0] INFO  ca.sqlpower.sql.PlDotIni  - Beginning to read/merge new pl.ini data
1120 [AWT-EventQueue-0] INFO  ca.sqlpower.sql.PlDotIni  - Finished reading file.
5150 [Thread-5] ERROR ca.sqlpower.architect.swingui.action.CheckForUpdateAction  - Fail to retrieve current version number!
6437 [AWT-EventQueue-0] ERROR ca.sqlpower.architect.swingui.ExceptionHandler  - Uncaught exception
java.lang.RuntimeException: java.lang.NullPointerException
	at ca.sqlpower.swingui.DataEntryPanelBuilder$2.actionPerformed(DataEntryPanelBuilder.java:160)
	at javax.swing.AbstractButton.fireActionPerformed(Unknown Source)
	at javax.swing.AbstractButton$Handler.actionPerformed(Unknown Source)
	at javax.swing.DefaultButtonModel.fireActionPerformed(Unknown Source)
	at javax.swing.DefaultButtonModel.setPressed(Unknown Source)
	at javax.swing.plaf.basic.BasicButtonListener.mouseReleased(Unknown Source)
	at java.awt.Component.processMouseEvent(Unknown Source)
	at javax.swing.JComponent.processMouseEvent(Unknown Source)
	at java.awt.Component.processEvent(Unknown Source)
	at java.awt.Container.processEvent(Unknown Source)
	at java.awt.Component.dispatchEventImpl(Unknown Source)
	at java.awt.Container.dispatchEventImpl(Unknown Source)
	at java.awt.Component.dispatchEvent(Unknown Source)
	at java.awt.LightweightDispatcher.retargetMouseEvent(Unknown Source)
	at java.awt.LightweightDispatcher.processMouseEvent(Unknown Source)
	at java.awt.LightweightDispatcher.dispatchEvent(Unknown Source)
	at java.awt.Container.dispatchEventImpl(Unknown Source)
	at java.awt.Window.dispatchEventImpl(Unknown Source)
	at java.awt.Component.dispatchEvent(Unknown Source)
	at java.awt.EventQueue.dispatchEventImpl(Unknown Source)
	at java.awt.EventQueue.access$500(Unknown Source)
	at java.awt.EventQueue$3.run(Unknown Source)
	at java.awt.EventQueue$3.run(Unknown Source)
	at java.security.AccessController.doPrivileged(Native Method)
	at java.security.ProtectionDomain$JavaSecurityAccessImpl.doIntersectionPrivilege(Unknown Source)
	at java.security.ProtectionDomain$JavaSecurityAccessImpl.doIntersectionPrivilege(Unknown Source)
	at java.awt.EventQueue$4.run(Unknown Source)
	at java.awt.EventQueue$4.run(Unknown Source)
	at java.security.AccessController.doPrivileged(Native Method)
	at java.security.ProtectionDomain$JavaSecurityAccessImpl.doIntersectionPrivilege(Unknown Source)
	at java.awt.EventQueue.dispatchEvent(Unknown Source)
	at java.awt.EventDispatchThread.pumpOneEventForFilters(Unknown Source)
	at java.awt.EventDispatchThread.pumpEventsForFilter(Unknown Source)
	at java.awt.EventDispatchThread.pumpEventsForHierarchy(Unknown Source)
	at java.awt.EventDispatchThread.pumpEvents(Unknown Source)
	at java.awt.EventDispatchThread.pumpEvents(Unknown Source)
	at java.awt.EventDispatchThread.run(Unknown Source)
Caused by: java.lang.NullPointerException
	at ca.sqlpower.architect.ArchitectUtils.columnsDiffer(ArchitectUtils.java:158)
	at ca.sqlpower.architect.ddl.critic.impl.RelationshipMappingTypeCritic.criticize(RelationshipMappingTypeCritic.java:51)
	at ca.sqlpower.architect.ddl.critic.Criticizer.recursivelyCriticize(Criticizer.java:85)
	at ca.sqlpower.architect.ddl.critic.Criticizer.recursivelyCriticize(Criticizer.java:102)
	at ca.sqlpower.architect.ddl.critic.Criticizer.recursivelyCriticize(Criticizer.java:102)
	at ca.sqlpower.architect.ddl.critic.Criticizer.recursivelyCriticize(Criticizer.java:102)
	at ca.sqlpower.architect.ddl.critic.Criticizer.criticize(Criticizer.java:59)
	at ca.sqlpower.architect.ddl.critic.CriticManager.criticize(CriticManager.java:235)
	at ca.sqlpower.architect.ddl.critic.CriticManager.criticize(CriticManager.java:201)
	at ca.sqlpower.architect.swingui.action.ExportDDLAction$1.checkErrorsAndGenerateDDL(ExportDDLAction.java:105)
	at ca.sqlpower.architect.swingui.action.ExportDDLAction$1.call(ExportDDLAction.java:87)
	at ca.sqlpower.architect.swingui.action.ExportDDLAction$1.call(ExportDDLAction.java:80)
	at ca.sqlpower.swingui.DataEntryPanelBuilder$2.actionPerformed(DataEntryPanelBuilder.java:155)
	... 36 more
6598 [AWT-EventQueue-0] INFO  ca.sqlpower.util.ExceptionReport  - Posting error report to SQL Power at URL <http://bugs.sqlpower.ca/architect/postReport>
9403 [AWT-EventQueue-0] ERROR ca.sqlpower.util.ExceptionReport  - Couldn't send exception report to <"http://bugs.sqlpower.ca/architect/postReport">
java.net.ConnectException: Connection refused: connect
	at java.net.DualStackPlainSocketImpl.waitForConnect(Native Method)
	at java.net.DualStackPlainSocketImpl.socketConnect(Unknown Source)
	at java.net.AbstractPlainSocketImpl.doConnect(Unknown Source)
	at java.net.AbstractPlainSocketImpl.connectToAddress(Unknown Source)
	at java.net.AbstractPlainSocketImpl.connect(Unknown Source)
	at java.net.PlainSocketImpl.connect(Unknown Source)
	at java.net.SocksSocketImpl.connect(Unknown Source)
	at java.net.Socket.connect(Unknown Source)
	at sun.net.NetworkClient.doConnect(Unknown Source)
	at sun.net.www.http.HttpClient.openServer(Unknown Source)
	at sun.net.www.http.HttpClient.openServer(Unknown Source)
	at sun.net.www.http.HttpClient.<init>(Unknown Source)
	at sun.net.www.http.HttpClient.New(Unknown Source)
	at sun.net.www.http.HttpClient.New(Unknown Source)
	at sun.net.www.protocol.http.HttpURLConnection.getNewHttpClient(Unknown Source)
	at sun.net.www.protocol.http.HttpURLConnection.plainConnect0(Unknown Source)
	at sun.net.www.protocol.http.HttpURLConnection.plainConnect(Unknown Source)
	at sun.net.www.protocol.http.HttpURLConnection.connect(Unknown Source)
	at ca.sqlpower.util.ExceptionReport.send(ExceptionReport.java:283)
	at ca.sqlpower.architect.swingui.ExceptionHandler.handleAndReport(ExceptionHandler.java:117)
	at ca.sqlpower.architect.swingui.ExceptionHandler.uncaughtException(ExceptionHandler.java:74)
	at java.lang.ThreadGroup.uncaughtException(Unknown Source)
	at java.lang.ThreadGroup.uncaughtException(Unknown Source)
	at java.awt.EventDispatchThread.processException(Unknown Source)
	at java.awt.EventDispatchThread.pumpOneEventForFilters(Unknown Source)
	at java.awt.EventDispatchThread.pumpEventsForFilter(Unknown Source)
	at java.awt.EventDispatchThread.pumpEventsForHierarchy(Unknown Source)
	at java.awt.EventDispatchThread.pumpEvents(Unknown Source)
	at java.awt.EventDispatchThread.pumpEvents(Unknown Source)
	at java.awt.EventDispatchThread.run(Unknown Source)
